[INFO ] 2025-07-10 15:16:23,214HH:mm:ss.SSS} [main] MyStoreV1 - URL opened
[INFO ] 2025-07-10 15:16:24,678HH:mm:ss.SSS} [main] MyStoreV1 - Sign in Button Clicked
[INFO ] 2025-07-10 15:16:25,709HH:mm:ss.SSS} [main] MyStoreV1 - Sign in Button Clicked
[INFO ] 2025-07-10 15:16:26,005HH:mm:ss.SSS} [main] MyStoreV1 - Create Account Button Clicked
[INFO ] 2025-07-10 15:16:50,456HH:mm:ss.SSS} [main] MyStoreV1 - URL opened
[INFO ] 2025-07-10 15:16:53,035HH:mm:ss.SSS} [main] MyStoreV1 - Sign in Button Clicked
[INFO ] 2025-07-10 15:16:53,873HH:mm:ss.SSS} [main] MyStoreV1 - Sign in Button Clicked
[INFO ] 2025-07-10 15:16:54,123HH:mm:ss.SSS} [main] MyStoreV1 - Create Account Button Clicked
[INFO ] 2025-07-10 15:17:38,803HH:mm:ss.SSS} [main] MyStoreV1 - URL opened
[INFO ] 2025-07-10 15:17:41,301HH:mm:ss.SSS} [main] MyStoreV1 - Sign in Button Clicked
[INFO ] 2025-07-10 15:17:42,581HH:mm:ss.SSS} [main] MyStoreV1 - Sign in Button Clicked
[INFO ] 2025-07-10 15:17:42,836HH:mm:ss.SSS} [main] MyStoreV1 - Create Account Button Clicked
[INFO ] 2025-07-10 15:18:18,413HH:mm:ss.SSS} [main] MyStoreV1 - URL opened
[INFO ] 2025-07-10 15:18:20,092HH:mm:ss.SSS} [main] MyStoreV1 - Sign in Button Clicked
[INFO ] 2025-07-10 15:18:21,202HH:mm:ss.SSS} [main] MyStoreV1 - Sign in Button Clicked
[INFO ] 2025-07-10 15:18:21,442HH:mm:ss.SSS} [main] MyStoreV1 - Create Account Button Clicked
[INFO ] 2025-07-10 15:37:44,916HH:mm:ss.SSS} [main] MyStoreV1 - URL opened
[INFO ] 2025-07-10 15:37:46,119HH:mm:ss.SSS} [main] MyStoreV1 - Sign in Button Clicked
[INFO ] 2025-07-10 15:37:46,916HH:mm:ss.SSS} [main] MyStoreV1 - Sign in Button Clicked
[INFO ] 2025-07-10 15:37:47,094HH:mm:ss.SSS} [main] MyStoreV1 - Create Account Button Clicked
[INFO ] 2025-07-10 15:38:54,366HH:mm:ss.SSS} [main] MyStoreV1 - URL opened
[INFO ] 2025-07-10 15:38:55,417HH:mm:ss.SSS} [main] MyStoreV1 - Sign in Button Clicked
[INFO ] 2025-07-10 15:38:56,260HH:mm:ss.SSS} [main] MyStoreV1 - Sign in Button Clicked
[INFO ] 2025-07-10 15:38:56,465HH:mm:ss.SSS} [main] MyStoreV1 - Create Account Button Clicked
[INFO ] 2025-07-10 15:39:40,809HH:mm:ss.SSS} [main] MyStoreV1 - URL opened
[INFO ] 2025-07-10 15:39:41,780HH:mm:ss.SSS} [main] MyStoreV1 - Sign in Button Clicked
[INFO ] 2025-07-10 15:40:34,421HH:mm:ss.SSS} [main] MyStoreV1 - Sign in Button Clicked
[INFO ] 2025-07-10 15:41:05,622HH:mm:ss.SSS} [main] MyStoreV1 - Create Account Button Clicked
[INFO ] 2025-07-10 15:42:15,686HH:mm:ss.SSS} [main] MyStoreV1 - URL opened
[INFO ] 2025-07-10 15:42:16,904HH:mm:ss.SSS} [main] MyStoreV1 - Sign in Button Clicked
[INFO ] 2025-07-10 15:42:35,740HH:mm:ss.SSS} [main] MyStoreV1 - Sign in Button Clicked
[INFO ] 2025-07-10 15:42:35,927HH:mm:ss.SSS} [main] MyStoreV1 - Create Account Button Clicked
[INFO ] 2025-07-10 15:42:46,954HH:mm:ss.SSS} [main] MyStoreV1 - Different Email ID observed hence closing this test here
[INFO ] 2025-07-10 15:43:33,882HH:mm:ss.SSS} [main] MyStoreV1 - URL opened
[INFO ] 2025-07-10 15:43:34,862HH:mm:ss.SSS} [main] MyStoreV1 - Sign in Button Clicked
[INFO ] 2025-07-10 15:43:35,636HH:mm:ss.SSS} [main] MyStoreV1 - Sign in Button Clicked
[INFO ] 2025-07-10 15:43:35,811HH:mm:ss.SSS} [main] MyStoreV1 - Create Account Button Clicked
[INFO ] 2025-07-10 15:46:10,566HH:mm:ss.SSS} [main] MyStoreV1 - URL opened
[INFO ] 2025-07-10 15:46:11,615HH:mm:ss.SSS} [main] MyStoreV1 - Sign in Button Clicked
[INFO ] 2025-07-10 15:46:12,591HH:mm:ss.SSS} [main] MyStoreV1 - Sign in Button Clicked
[INFO ] 2025-07-10 15:46:12,757HH:mm:ss.SSS} [main] MyStoreV1 - Create Account Button Clicked
[INFO ] 2025-07-10 15:49:25,188HH:mm:ss.SSS} [main] MyStoreV1 - URL opened
[INFO ] 2025-07-10 15:49:26,444HH:mm:ss.SSS} [main] MyStoreV1 - Sign in Button Clicked
[INFO ] 2025-07-10 15:49:27,264HH:mm:ss.SSS} [main] MyStoreV1 - Sign in Button Clicked
[INFO ] 2025-07-10 15:49:27,474HH:mm:ss.SSS} [main] MyStoreV1 - Create Account Button Clicked
[INFO ] 2025-07-10 15:50:33,400HH:mm:ss.SSS} [main] MyStoreV1 - URL opened
[INFO ] 2025-07-10 15:50:34,576HH:mm:ss.SSS} [main] MyStoreV1 - Sign in Button Clicked
[INFO ] 2025-07-10 15:50:35,401HH:mm:ss.SSS} [main] MyStoreV1 - Sign in Button Clicked
[INFO ] 2025-07-10 15:50:35,572HH:mm:ss.SSS} [main] MyStoreV1 - Create Account Button Clicked
[INFO ] 2025-07-10 15:52:15,653HH:mm:ss.SSS} [main] MyStoreV1 - Different Email ID observed hence closing this test here
[INFO ] 2025-07-10 15:53:06,227HH:mm:ss.SSS} [main] MyStoreV1 - URL opened
[INFO ] 2025-07-10 15:53:07,533HH:mm:ss.SSS} [main] MyStoreV1 - Sign in Button Clicked
[INFO ] 2025-07-10 15:53:08,388HH:mm:ss.SSS} [main] MyStoreV1 - Sign in Button Clicked
[INFO ] 2025-07-10 15:53:08,557HH:mm:ss.SSS} [main] MyStoreV1 - Create Account Button Clicked
[INFO ] 2025-07-10 15:53:09,837HH:mm:ss.SSS} [main] MyStoreV1 - Different Email ID observed hence closing this test here
[INFO ] 2025-07-10 15:53:57,355HH:mm:ss.SSS} [main] MyStoreV1 - URL opened
[INFO ] 2025-07-10 15:53:58,383HH:mm:ss.SSS} [main] MyStoreV1 - Sign in Button Clicked
[INFO ] 2025-07-10 15:53:59,326HH:mm:ss.SSS} [main] MyStoreV1 - Sign in Button Clicked
[INFO ] 2025-07-10 15:53:59,533HH:mm:ss.SSS} [main] MyStoreV1 - Create Account Button Clicked
[INFO ] 2025-07-10 16:21:36,656HH:mm:ss.SSS} [main] MyStoreV1 - URL opened
[INFO ] 2025-07-10 16:21:37,764HH:mm:ss.SSS} [main] MyStoreV1 - Sign in Button Clicked
[INFO ] 2025-07-10 16:21:38,575HH:mm:ss.SSS} [main] MyStoreV1 - Sign in Button Clicked
[INFO ] 2025-07-10 16:21:38,742HH:mm:ss.SSS} [main] MyStoreV1 - Create Account Button Clicked
[INFO ] 2025-07-10 16:23:25,194HH:mm:ss.SSS} [main] MyStoreV1 - URL opened
[INFO ] 2025-07-10 16:23:26,418HH:mm:ss.SSS} [main] MyStoreV1 - Sign in Button Clicked
[INFO ] 2025-07-10 16:23:27,114HH:mm:ss.SSS} [main] MyStoreV1 - Sign in Button Clicked
[INFO ] 2025-07-10 16:23:27,325HH:mm:ss.SSS} [main] MyStoreV1 - Create Account Button Clicked
[INFO ] 2025-07-10 16:23:45,133HH:mm:ss.SSS} [main] MyStoreV1 - Same Email ID observed
[INFO ] 2025-07-10 16:25:59,866HH:mm:ss.SSS} [main] MyStoreV1 - URL opened
[INFO ] 2025-07-10 16:26:01,001HH:mm:ss.SSS} [main] MyStoreV1 - Sign in Button Clicked
[INFO ] 2025-07-10 16:26:01,759HH:mm:ss.SSS} [main] MyStoreV1 - Sign in Button Clicked
[INFO ] 2025-07-10 16:26:01,933HH:mm:ss.SSS} [main] MyStoreV1 - Create Account Button Clicked
[INFO ] 2025-07-10 16:26:03,179HH:mm:ss.SSS} [main] MyStoreV1 - Same Email ID observed
[INFO ] 2025-07-10 16:26:54,295HH:mm:ss.SSS} [main] MyStoreV1 - URL opened
[INFO ] 2025-07-10 16:26:55,266HH:mm:ss.SSS} [main] MyStoreV1 - Sign in Button Clicked
[INFO ] 2025-07-10 16:26:56,047HH:mm:ss.SSS} [main] MyStoreV1 - Sign in Button Clicked
[INFO ] 2025-07-10 16:26:56,217HH:mm:ss.SSS} [main] MyStoreV1 - Create Account Button Clicked
[INFO ] 2025-07-10 16:26:57,387HH:mm:ss.SSS} [main] MyStoreV1 - Same Email ID observed
[INFO ] 2025-07-10 16:27:15,433HH:mm:ss.SSS} [main] MyStoreV1 - URL opened
[INFO ] 2025-07-10 16:27:16,401HH:mm:ss.SSS} [main] MyStoreV1 - Sign in Button Clicked
[INFO ] 2025-07-10 16:27:17,229HH:mm:ss.SSS} [main] MyStoreV1 - Sign in Button Clicked
[INFO ] 2025-07-10 16:27:17,396HH:mm:ss.SSS} [main] MyStoreV1 - Create Account Button Clicked
[INFO ] 2025-07-10 16:27:18,601HH:mm:ss.SSS} [main] MyStoreV1 - Same Email ID observed
[INFO ] 2025-07-10 16:27:48,386HH:mm:ss.SSS} [main] MyStoreV1 - URL opened
[INFO ] 2025-07-10 16:27:49,494HH:mm:ss.SSS} [main] MyStoreV1 - Sign in Button Clicked
[INFO ] 2025-07-10 16:27:50,328HH:mm:ss.SSS} [main] MyStoreV1 - Sign in Button Clicked
[INFO ] 2025-07-10 16:27:50,514HH:mm:ss.SSS} [main] MyStoreV1 - Create Account Button Clicked
[INFO ] 2025-07-10 16:27:51,698HH:mm:ss.SSS} [main] MyStoreV1 - Same Email ID observed
[INFO ] 2025-07-10 16:28:39,601HH:mm:ss.SSS} [main] MyStoreV1 - URL opened
[INFO ] 2025-07-10 16:28:40,731HH:mm:ss.SSS} [main] MyStoreV1 - Sign in Button Clicked
[INFO ] 2025-07-10 16:28:41,724HH:mm:ss.SSS} [main] MyStoreV1 - Sign in Button Clicked
[INFO ] 2025-07-10 16:28:41,909HH:mm:ss.SSS} [main] MyStoreV1 - Create Account Button Clicked
[INFO ] 2025-07-10 16:28:43,286HH:mm:ss.SSS} [main] MyStoreV1 - Same Email ID observed
[INFO ] 2025-07-10 16:30:29,227HH:mm:ss.SSS} [main] MyStoreV1 - URL opened
[INFO ] 2025-07-10 16:30:30,462HH:mm:ss.SSS} [main] MyStoreV1 - Sign in Button Clicked
[INFO ] 2025-07-10 16:30:31,194HH:mm:ss.SSS} [main] MyStoreV1 - Sign in Button Clicked
[INFO ] 2025-07-10 16:30:31,379HH:mm:ss.SSS} [main] MyStoreV1 - Create Account Button Clicked
[INFO ] 2025-07-10 16:30:32,766HH:mm:ss.SSS} [main] MyStoreV1 - Same Email ID observed
[INFO ] 2025-07-10 16:30:53,333HH:mm:ss.SSS} [main] MyStoreV1 - Sign in Button Clicked
[INFO ] 2025-07-10 16:30:53,518HH:mm:ss.SSS} [main] MyStoreV1 - Create Account Button Clicked
[INFO ] 2025-07-10 16:30:54,783HH:mm:ss.SSS} [main] MyStoreV1 - Same Email ID observed
[INFO ] 2025-07-10 16:31:12,899HH:mm:ss.SSS} [main] MyStoreV1 - URL opened
[INFO ] 2025-07-10 16:31:14,096HH:mm:ss.SSS} [main] MyStoreV1 - Sign in Button Clicked
[INFO ] 2025-07-10 16:31:14,992HH:mm:ss.SSS} [main] MyStoreV1 - Sign in Button Clicked
[INFO ] 2025-07-10 16:31:15,166HH:mm:ss.SSS} [main] MyStoreV1 - Create Account Button Clicked
[INFO ] 2025-07-10 16:31:16,386HH:mm:ss.SSS} [main] MyStoreV1 - Same Email ID observed
[INFO ] 2025-07-10 16:31:42,171HH:mm:ss.SSS} [main] MyStoreV1 - URL opened
[INFO ] 2025-07-10 16:31:43,346HH:mm:ss.SSS} [main] MyStoreV1 - Sign in Button Clicked
[INFO ] 2025-07-10 16:31:44,256HH:mm:ss.SSS} [main] MyStoreV1 - Sign in Button Clicked
[INFO ] 2025-07-10 16:31:44,427HH:mm:ss.SSS} [main] MyStoreV1 - Create Account Button Clicked
[INFO ] 2025-07-10 16:31:45,609HH:mm:ss.SSS} [main] MyStoreV1 - Same Email ID observed
[INFO ] 2025-07-10 16:32:13,001HH:mm:ss.SSS} [main] MyStoreV1 - URL opened
[INFO ] 2025-07-10 16:32:14,000HH:mm:ss.SSS} [main] MyStoreV1 - Sign in Button Clicked
[INFO ] 2025-07-10 16:32:14,665HH:mm:ss.SSS} [main] MyStoreV1 - Sign in Button Clicked
[INFO ] 2025-07-10 16:32:14,836HH:mm:ss.SSS} [main] MyStoreV1 - Create Account Button Clicked
[INFO ] 2025-07-10 16:32:15,988HH:mm:ss.SSS} [main] MyStoreV1 - Same Email ID observed
[INFO ] 2025-07-10 16:32:34,596HH:mm:ss.SSS} [main] MyStoreV1 - URL opened
[INFO ] 2025-07-10 16:32:35,782HH:mm:ss.SSS} [main] MyStoreV1 - Sign in Button Clicked
[INFO ] 2025-07-10 16:32:36,940HH:mm:ss.SSS} [main] MyStoreV1 - Sign in Button Clicked
[INFO ] 2025-07-10 16:32:37,112HH:mm:ss.SSS} [main] MyStoreV1 - Create Account Button Clicked
[INFO ] 2025-07-10 16:32:38,433HH:mm:ss.SSS} [main] MyStoreV1 - Same Email ID observed
[INFO ] 2025-07-10 16:34:25,176HH:mm:ss.SSS} [main] MyStoreV1 - URL opened
[INFO ] 2025-07-10 16:34:26,491HH:mm:ss.SSS} [main] MyStoreV1 - Sign in Button Clicked
[INFO ] 2025-07-10 16:34:27,244HH:mm:ss.SSS} [main] MyStoreV1 - Sign in Button Clicked
[INFO ] 2025-07-10 16:34:27,449HH:mm:ss.SSS} [main] MyStoreV1 - Create Account Button Clicked
[INFO ] 2025-07-10 16:34:28,586HH:mm:ss.SSS} [main] MyStoreV1 - Same Email ID observed
[INFO ] 2025-07-10 17:19:59,740HH:mm:ss.SSS} [main] MyStoreV1 - URL opened
[INFO ] 2025-07-10 17:20:00,997HH:mm:ss.SSS} [main] MyStoreV1 - Sign in Button Clicked
[INFO ] 2025-07-10 17:20:02,124HH:mm:ss.SSS} [main] MyStoreV1 - Sign in Button Clicked
[INFO ] 2025-07-10 17:20:02,399HH:mm:ss.SSS} [main] MyStoreV1 - Create Account Button Clicked
[INFO ] 2025-07-10 17:20:08,420HH:mm:ss.SSS} [main] MyStoreV1 - URL opened
[INFO ] 2025-07-10 17:20:09,595HH:mm:ss.SSS} [main] MyStoreV1 - Sign in Button Clicked
[INFO ] 2025-07-10 17:20:10,417HH:mm:ss.SSS} [main] MyStoreV1 - Sign in Button Clicked
[INFO ] 2025-07-10 17:20:10,617HH:mm:ss.SSS} [main] MyStoreV1 - Create Account Button Clicked
[INFO ] 2025-07-10 17:20:11,910HH:mm:ss.SSS} [main] MyStoreV1 - Same Email ID observed
[INFO ] 2025-07-10 17:20:29,539HH:mm:ss.SSS} [main] MyStoreV1 - URL opened
[INFO ] 2025-07-10 17:20:30,689HH:mm:ss.SSS} [main] MyStoreV1 - Sign in Button Clicked
[INFO ] 2025-07-10 17:20:31,606HH:mm:ss.SSS} [main] MyStoreV1 - Sign in Button Clicked
[INFO ] 2025-07-10 17:20:31,916HH:mm:ss.SSS} [main] MyStoreV1 - Create Account Button Clicked
[INFO ] 2025-07-10 17:20:37,819HH:mm:ss.SSS} [main] MyStoreV1 - URL opened
[INFO ] 2025-07-10 17:20:39,069HH:mm:ss.SSS} [main] MyStoreV1 - Sign in Button Clicked
[INFO ] 2025-07-10 17:20:39,912HH:mm:ss.SSS} [main] MyStoreV1 - Sign in Button Clicked
[INFO ] 2025-07-10 17:20:40,141HH:mm:ss.SSS} [main] MyStoreV1 - Create Account Button Clicked
[INFO ] 2025-07-10 17:20:41,340HH:mm:ss.SSS} [main] MyStoreV1 - Same Email ID observed
[INFO ] 2025-07-10 23:15:19,151HH:mm:ss.SSS} [main] MyStoreV1 - URL opened
[INFO ] 2025-07-10 23:15:20,321HH:mm:ss.SSS} [main] MyStoreV1 - Sign in Button Clicked
[INFO ] 2025-07-10 23:15:21,323HH:mm:ss.SSS} [main] MyStoreV1 - Sign in Button Clicked
[INFO ] 2025-07-10 23:15:21,649HH:mm:ss.SSS} [main] MyStoreV1 - Create Account Button Clicked
[INFO ] 2025-07-10 23:15:28,148HH:mm:ss.SSS} [main] MyStoreV1 - URL opened
[INFO ] 2025-07-10 23:15:29,218HH:mm:ss.SSS} [main] MyStoreV1 - Sign in Button Clicked
[INFO ] 2025-07-10 23:15:29,924HH:mm:ss.SSS} [main] MyStoreV1 - Sign in Button Clicked
[INFO ] 2025-07-10 23:15:30,161HH:mm:ss.SSS} [main] MyStoreV1 - Create Account Button Clicked
[INFO ] 2025-07-10 23:15:31,328HH:mm:ss.SSS} [main] MyStoreV1 - Same Email ID observed
[INFO ] 2025-07-10 23:44:50,050HH:mm:ss.SSS} [main] MyStoreV1 - URL opened
[INFO ] 2025-07-10 23:44:51,341HH:mm:ss.SSS} [main] MyStoreV1 - Sign in Button Clicked
[INFO ] 2025-07-10 23:44:52,179HH:mm:ss.SSS} [main] MyStoreV1 - Sign in Button Clicked
[INFO ] 2025-07-10 23:44:52,472HH:mm:ss.SSS} [main] MyStoreV1 - Create Account Button Clicked
[INFO ] 2025-07-10 23:44:59,597HH:mm:ss.SSS} [main] MyStoreV1 - URL opened
[INFO ] 2025-07-10 23:45:00,861HH:mm:ss.SSS} [main] MyStoreV1 - Sign in Button Clicked
[INFO ] 2025-07-10 23:45:01,697HH:mm:ss.SSS} [main] MyStoreV1 - Sign in Button Clicked
[INFO ] 2025-07-10 23:45:01,991HH:mm:ss.SSS} [main] MyStoreV1 - Create Account Button Clicked
[INFO ] 2025-07-10 23:45:03,631HH:mm:ss.SSS} [main] MyStoreV1 - Same Email ID observed
[INFO ] 2025-07-10 23:47:00,740HH:mm:ss.SSS} [main] MyStoreV1 - URL opened
[INFO ] 2025-07-10 23:47:05,247HH:mm:ss.SSS} [main] MyStoreV1 - Sign in Button Clicked
[INFO ] 2025-07-10 23:47:06,142HH:mm:ss.SSS} [main] MyStoreV1 - Sign in Button Clicked
[INFO ] 2025-07-10 23:47:06,405HH:mm:ss.SSS} [main] MyStoreV1 - Create Account Button Clicked
[INFO ] 2025-07-10 23:47:12,047HH:mm:ss.SSS} [main] MyStoreV1 - URL opened
[INFO ] 2025-07-10 23:47:13,179HH:mm:ss.SSS} [main] MyStoreV1 - Sign in Button Clicked
[INFO ] 2025-07-10 23:47:13,922HH:mm:ss.SSS} [main] MyStoreV1 - Sign in Button Clicked
[INFO ] 2025-07-10 23:47:14,147HH:mm:ss.SSS} [main] MyStoreV1 - Create Account Button Clicked
[INFO ] 2025-07-10 23:47:15,294HH:mm:ss.SSS} [main] MyStoreV1 - Same Email ID observed
[INFO ] 2025-07-11 00:25:16,703HH:mm:ss.SSS} [main] MyStoreV1 - URL opened
[INFO ] 2025-07-11 00:25:17,863HH:mm:ss.SSS} [main] MyStoreV1 - Sign in Button Clicked
[INFO ] 2025-07-11 00:25:18,782HH:mm:ss.SSS} [main] MyStoreV1 - Sign in Button Clicked
[INFO ] 2025-07-11 00:25:19,064HH:mm:ss.SSS} [main] MyStoreV1 - Create Account Button Clicked
[INFO ] 2025-07-11 00:25:49,258HH:mm:ss.SSS} [main] MyStoreV1 - Different Email found
[INFO ] 2025-07-11 00:26:31,577HH:mm:ss.SSS} [main] MyStoreV1 - URL opened
[INFO ] 2025-07-11 00:26:32,622HH:mm:ss.SSS} [main] MyStoreV1 - Sign in Button Clicked
[INFO ] 2025-07-11 00:26:33,545HH:mm:ss.SSS} [main] MyStoreV1 - Sign in Button Clicked
[INFO ] 2025-07-11 00:26:33,890HH:mm:ss.SSS} [main] MyStoreV1 - Create Account Button Clicked
[INFO ] 2025-07-11 00:26:57,024HH:mm:ss.SSS} [main] MyStoreV1 - Different Email found
[INFO ] 2025-07-11 00:28:37,938HH:mm:ss.SSS} [main] MyStoreV1 - URL opened
[INFO ] 2025-07-11 00:28:39,187HH:mm:ss.SSS} [main] MyStoreV1 - Sign in Button Clicked
[INFO ] 2025-07-11 00:28:40,095HH:mm:ss.SSS} [main] MyStoreV1 - Sign in Button Clicked
[INFO ] 2025-07-11 00:28:40,388HH:mm:ss.SSS} [main] MyStoreV1 - Create Account Button Clicked
[INFO ] 2025-07-11 00:28:41,779HH:mm:ss.SSS} [main] MyStoreV1 - Different Email found
[INFO ] 2025-07-11 00:29:32,313HH:mm:ss.SSS} [main] MyStoreV1 - URL opened
[INFO ] 2025-07-11 00:29:33,605HH:mm:ss.SSS} [main] MyStoreV1 - Sign in Button Clicked
[INFO ] 2025-07-11 00:29:34,498HH:mm:ss.SSS} [main] MyStoreV1 - Sign in Button Clicked
[INFO ] 2025-07-11 00:29:34,774HH:mm:ss.SSS} [main] MyStoreV1 - Create Account Button Clicked
[INFO ] 2025-07-11 00:29:36,372HH:mm:ss.SSS} [main] MyStoreV1 - Different Email found
[INFO ] 2025-07-11 00:32:06,842HH:mm:ss.SSS} [main] MyStoreV1 - URL opened
[INFO ] 2025-07-11 00:32:08,199HH:mm:ss.SSS} [main] MyStoreV1 - Sign in Button Clicked
[INFO ] 2025-07-11 00:32:09,152HH:mm:ss.SSS} [main] MyStoreV1 - Sign in Button Clicked
[INFO ] 2025-07-11 00:32:09,425HH:mm:ss.SSS} [main] MyStoreV1 - Create Account Button Clicked
[INFO ] 2025-07-11 00:32:10,744HH:mm:ss.SSS} [main] MyStoreV1 - Different Email found
[INFO ] 2025-07-11 00:32:52,097HH:mm:ss.SSS} [main] MyStoreV1 - URL opened
[INFO ] 2025-07-11 00:32:53,360HH:mm:ss.SSS} [main] MyStoreV1 - Sign in Button Clicked
[INFO ] 2025-07-11 00:32:54,178HH:mm:ss.SSS} [main] MyStoreV1 - Sign in Button Clicked
[INFO ] 2025-07-11 00:32:54,501HH:mm:ss.SSS} [main] MyStoreV1 - Create Account Button Clicked
[INFO ] 2025-07-11 00:32:56,013HH:mm:ss.SSS} [main] MyStoreV1 - Different Email found
[INFO ] 2025-07-11 00:34:06,459HH:mm:ss.SSS} [main] MyStoreV1 - URL opened
[INFO ] 2025-07-11 00:34:07,683HH:mm:ss.SSS} [main] MyStoreV1 - Sign in Button Clicked
[INFO ] 2025-07-11 00:34:08,425HH:mm:ss.SSS} [main] MyStoreV1 - Sign in Button Clicked
[INFO ] 2025-07-11 00:34:08,653HH:mm:ss.SSS} [main] MyStoreV1 - Create Account Button Clicked
[INFO ] 2025-07-11 00:34:09,997HH:mm:ss.SSS} [main] MyStoreV1 - Different Email found
[INFO ] 2025-07-11 00:34:39,905HH:mm:ss.SSS} [main] MyStoreV1 - URL opened
[INFO ] 2025-07-11 00:34:44,632HH:mm:ss.SSS} [main] MyStoreV1 - Sign in Button Clicked
[INFO ] 2025-07-11 00:34:45,489HH:mm:ss.SSS} [main] MyStoreV1 - Sign in Button Clicked
[INFO ] 2025-07-11 00:34:45,741HH:mm:ss.SSS} [main] MyStoreV1 - Create Account Button Clicked
[INFO ] 2025-07-11 00:34:47,178HH:mm:ss.SSS} [main] MyStoreV1 - Different Email found
[INFO ] 2025-07-11 00:39:19,364HH:mm:ss.SSS} [main] MyStoreV1 - URL opened
[INFO ] 2025-07-11 00:39:20,888HH:mm:ss.SSS} [main] MyStoreV1 - Sign in Button Clicked
[INFO ] 2025-07-11 00:39:21,993HH:mm:ss.SSS} [main] MyStoreV1 - Sign in Button Clicked
[INFO ] 2025-07-11 00:39:22,351HH:mm:ss.SSS} [main] MyStoreV1 - Create Account Button Clicked
[INFO ] 2025-07-11 00:39:23,745HH:mm:ss.SSS} [main] MyStoreV1 - Different Email found
[INFO ] 2025-07-11 00:39:26,070HH:mm:ss.SSS} [main] MyStoreV1 - Register Account button is displayed
[INFO ] 2025-07-11 00:42:01,045HH:mm:ss.SSS} [main] MyStoreV1 - URL opened
[INFO ] 2025-07-11 00:42:02,335HH:mm:ss.SSS} [main] MyStoreV1 - Sign in Button Clicked
[INFO ] 2025-07-11 00:42:03,775HH:mm:ss.SSS} [main] MyStoreV1 - Sign in Button Clicked
[INFO ] 2025-07-11 00:42:04,015HH:mm:ss.SSS} [main] MyStoreV1 - Create Account Button Clicked
[INFO ] 2025-07-11 00:42:05,734HH:mm:ss.SSS} [main] MyStoreV1 - Different Email found
[INFO ] 2025-07-11 00:45:01,718HH:mm:ss.SSS} [main] MyStoreV1 - URL opened
[INFO ] 2025-07-11 00:45:06,335HH:mm:ss.SSS} [main] MyStoreV1 - Sign in Button Clicked
[INFO ] 2025-07-11 00:45:07,470HH:mm:ss.SSS} [main] MyStoreV1 - Sign in Button Clicked
[INFO ] 2025-07-11 00:45:07,824HH:mm:ss.SSS} [main] MyStoreV1 - Create Account Button Clicked
[INFO ] 2025-07-11 00:45:09,388HH:mm:ss.SSS} [main] MyStoreV1 - Different Email found
[INFO ] 2025-07-11 00:50:58,209HH:mm:ss.SSS} [main] MyStoreV1 - URL opened
[INFO ] 2025-07-11 00:50:59,330HH:mm:ss.SSS} [main] MyStoreV1 - Sign in Button Clicked
[INFO ] 2025-07-11 00:51:00,146HH:mm:ss.SSS} [main] MyStoreV1 - Sign in Button Clicked
[INFO ] 2025-07-11 00:51:00,385HH:mm:ss.SSS} [main] MyStoreV1 - Create Account Button Clicked
[INFO ] 2025-07-11 00:51:01,751HH:mm:ss.SSS} [main] MyStoreV1 - Different Email found
[INFO ] 2025-07-11 00:52:21,454HH:mm:ss.SSS} [main] MyStoreV1 - URL opened
[INFO ] 2025-07-11 00:52:22,985HH:mm:ss.SSS} [main] MyStoreV1 - Sign in Button Clicked
[INFO ] 2025-07-11 00:52:23,909HH:mm:ss.SSS} [main] MyStoreV1 - Sign in Button Clicked
[INFO ] 2025-07-11 00:52:24,132HH:mm:ss.SSS} [main] MyStoreV1 - Create Account Button Clicked
[INFO ] 2025-07-11 00:52:25,453HH:mm:ss.SSS} [main] MyStoreV1 - Different Email found
[INFO ] 2025-07-11 00:54:59,007HH:mm:ss.SSS} [main] MyStoreV1 - URL opened
[INFO ] 2025-07-11 00:55:03,147HH:mm:ss.SSS} [main] MyStoreV1 - Sign in Button Clicked
[INFO ] 2025-07-11 00:55:04,076HH:mm:ss.SSS} [main] MyStoreV1 - Sign in Button Clicked
[INFO ] 2025-07-11 00:55:04,378HH:mm:ss.SSS} [main] MyStoreV1 - Create Account Button Clicked
[INFO ] 2025-07-11 00:55:05,722HH:mm:ss.SSS} [main] MyStoreV1 - Same Email found
[INFO ] 2025-07-11 00:55:07,149HH:mm:ss.SSS} [main] MyStoreV1 - Register Account button is displayed
[INFO ] 2025-07-11 00:58:11,968HH:mm:ss.SSS} [main] MyStoreV1 - URL opened
[INFO ] 2025-07-11 00:58:13,312HH:mm:ss.SSS} [main] MyStoreV1 - Sign in Button Clicked
[INFO ] 2025-07-11 00:58:14,135HH:mm:ss.SSS} [main] MyStoreV1 - Sign in Button Clicked
[INFO ] 2025-07-11 00:58:14,431HH:mm:ss.SSS} [main] MyStoreV1 - Create Account Button Clicked
[INFO ] 2025-07-11 00:58:15,868HH:mm:ss.SSS} [main] MyStoreV1 - Same Email found
[INFO ] 2025-07-11 00:58:17,243HH:mm:ss.SSS} [main] MyStoreV1 - Register Account button is displayed
[INFO ] 2025-07-11 00:59:18,878HH:mm:ss.SSS} [main] MyStoreV1 - URL opened
[INFO ] 2025-07-11 00:59:20,589HH:mm:ss.SSS} [main] MyStoreV1 - Sign in Button Clicked
[INFO ] 2025-07-11 00:59:21,457HH:mm:ss.SSS} [main] MyStoreV1 - Sign in Button Clicked
[INFO ] 2025-07-11 00:59:21,857HH:mm:ss.SSS} [main] MyStoreV1 - Create Account Button Clicked
[INFO ] 2025-07-11 00:59:23,442HH:mm:ss.SSS} [main] MyStoreV1 - Different Email found
[INFO ] 2025-07-11 01:00:19,480HH:mm:ss.SSS} [main] MyStoreV1 - URL opened
[INFO ] 2025-07-11 01:00:20,716HH:mm:ss.SSS} [main] MyStoreV1 - Sign in Button Clicked
[INFO ] 2025-07-11 01:00:21,745HH:mm:ss.SSS} [main] MyStoreV1 - Sign in Button Clicked
[INFO ] 2025-07-11 01:00:22,035HH:mm:ss.SSS} [main] MyStoreV1 - Create Account Button Clicked
[INFO ] 2025-07-11 01:00:24,316HH:mm:ss.SSS} [main] MyStoreV1 - URL opened
[INFO ] 2025-07-11 01:00:30,536HH:mm:ss.SSS} [main] MyStoreV1 - Sign in Button Clicked
[INFO ] 2025-07-11 01:00:31,358HH:mm:ss.SSS} [main] MyStoreV1 - Sign in Button Clicked
[INFO ] 2025-07-11 01:00:31,765HH:mm:ss.SSS} [main] MyStoreV1 - Create Account Button Clicked
[INFO ] 2025-07-11 01:00:33,075HH:mm:ss.SSS} [main] MyStoreV1 - Different Email found
[INFO ] 2025-07-11 13:12:25,707HH:mm:ss.SSS} [main] MyStoreV1 - URL opened
[INFO ] 2025-07-11 13:12:26,886HH:mm:ss.SSS} [main] MyStoreV1 - Sign in Button Clicked
[INFO ] 2025-07-11 13:12:27,733HH:mm:ss.SSS} [main] MyStoreV1 - Sign in Button Clicked
[INFO ] 2025-07-11 13:12:27,949HH:mm:ss.SSS} [main] MyStoreV1 - Create Account Button Clicked
[INFO ] 2025-07-11 13:12:32,750HH:mm:ss.SSS} [main] MyStoreV1 - URL opened
[INFO ] 2025-07-11 13:12:33,928HH:mm:ss.SSS} [main] MyStoreV1 - Sign in Button Clicked
[INFO ] 2025-07-11 13:12:34,698HH:mm:ss.SSS} [main] MyStoreV1 - Sign in Button Clicked
[INFO ] 2025-07-11 13:12:34,851HH:mm:ss.SSS} [main] MyStoreV1 - Create Account Button Clicked
[INFO ] 2025-07-11 13:12:36,045HH:mm:ss.SSS} [main] MyStoreV1 - Different Email found
[INFO ] 2025-07-11 13:13:19,664HH:mm:ss.SSS} [main] MyStoreV1 - URL opened
[INFO ] 2025-07-11 13:13:20,710HH:mm:ss.SSS} [main] MyStoreV1 - Sign in Button Clicked
[INFO ] 2025-07-11 13:13:21,538HH:mm:ss.SSS} [main] MyStoreV1 - Sign in Button Clicked
[INFO ] 2025-07-11 13:13:21,722HH:mm:ss.SSS} [main] MyStoreV1 - Create Account Button Clicked
[INFO ] 2025-07-11 13:13:26,235HH:mm:ss.SSS} [main] MyStoreV1 - URL opened
[INFO ] 2025-07-11 13:13:27,240HH:mm:ss.SSS} [main] MyStoreV1 - Sign in Button Clicked
[INFO ] 2025-07-11 13:13:28,147HH:mm:ss.SSS} [main] MyStoreV1 - Sign in Button Clicked
[INFO ] 2025-07-11 13:13:28,321HH:mm:ss.SSS} [main] MyStoreV1 - Create Account Button Clicked
[INFO ] 2025-07-11 13:13:29,466HH:mm:ss.SSS} [main] MyStoreV1 - Different Email found
[INFO ] 2025-07-11 13:16:01,385HH:mm:ss.SSS} [main] MyStoreV1 - URL opened
[INFO ] 2025-07-11 13:16:02,659HH:mm:ss.SSS} [main] MyStoreV1 - Sign in Button Clicked
[INFO ] 2025-07-11 13:16:03,396HH:mm:ss.SSS} [main] MyStoreV1 - Sign in Button Clicked
[INFO ] 2025-07-11 13:16:03,628HH:mm:ss.SSS} [main] MyStoreV1 - Create Account Button Clicked
[INFO ] 2025-07-11 13:16:08,258HH:mm:ss.SSS} [main] MyStoreV1 - URL opened
[INFO ] 2025-07-11 13:16:09,315HH:mm:ss.SSS} [main] MyStoreV1 - Sign in Button Clicked
[INFO ] 2025-07-11 13:16:10,126HH:mm:ss.SSS} [main] MyStoreV1 - Sign in Button Clicked
[INFO ] 2025-07-11 13:16:10,440HH:mm:ss.SSS} [main] MyStoreV1 - Create Account Button Clicked
[INFO ] 2025-07-11 13:16:11,629HH:mm:ss.SSS} [main] MyStoreV1 - Different Email found
[INFO ] 2025-07-11 13:17:46,602HH:mm:ss.SSS} [main] MyStoreV1 - URL opened
[INFO ] 2025-07-11 13:17:47,536HH:mm:ss.SSS} [main] MyStoreV1 - Sign in Button Clicked
[INFO ] 2025-07-11 13:17:48,217HH:mm:ss.SSS} [main] MyStoreV1 - Sign in Button Clicked
[INFO ] 2025-07-11 13:17:48,376HH:mm:ss.SSS} [main] MyStoreV1 - Create Account Button Clicked
[INFO ] 2025-07-11 13:17:52,688HH:mm:ss.SSS} [main] MyStoreV1 - URL opened
[INFO ] 2025-07-11 13:17:53,639HH:mm:ss.SSS} [main] MyStoreV1 - Sign in Button Clicked
[INFO ] 2025-07-11 13:17:54,302HH:mm:ss.SSS} [main] MyStoreV1 - Sign in Button Clicked
[INFO ] 2025-07-11 13:17:54,453HH:mm:ss.SSS} [main] MyStoreV1 - Create Account Button Clicked
[INFO ] 2025-07-11 13:17:55,742HH:mm:ss.SSS} [main] MyStoreV1 - Different Email found
[INFO ] 2025-07-11 13:19:09,153HH:mm:ss.SSS} [main] MyStoreV1 - URL opened
[INFO ] 2025-07-11 13:19:10,332HH:mm:ss.SSS} [main] MyStoreV1 - Sign in Button Clicked
[INFO ] 2025-07-11 13:19:11,053HH:mm:ss.SSS} [main] MyStoreV1 - Sign in Button Clicked
[INFO ] 2025-07-11 13:19:11,202HH:mm:ss.SSS} [main] MyStoreV1 - Create Account Button Clicked
[INFO ] 2025-07-11 13:19:15,925HH:mm:ss.SSS} [main] MyStoreV1 - URL opened
[INFO ] 2025-07-11 13:19:16,924HH:mm:ss.SSS} [main] MyStoreV1 - Sign in Button Clicked
[INFO ] 2025-07-11 13:19:17,681HH:mm:ss.SSS} [main] MyStoreV1 - Sign in Button Clicked
[INFO ] 2025-07-11 13:19:17,843HH:mm:ss.SSS} [main] MyStoreV1 - Create Account Button Clicked
[INFO ] 2025-07-11 13:19:19,025HH:mm:ss.SSS} [main] MyStoreV1 - Different Email found
[INFO ] 2025-07-11 13:29:14,713HH:mm:ss.SSS} [main] MyStoreV1 - URL opened
[INFO ] 2025-07-11 13:29:15,780HH:mm:ss.SSS} [main] MyStoreV1 - Sign in Button Clicked
[INFO ] 2025-07-11 13:29:16,456HH:mm:ss.SSS} [main] MyStoreV1 - Sign in Button Clicked
[INFO ] 2025-07-11 13:29:16,622HH:mm:ss.SSS} [main] MyStoreV1 - Create Account Button Clicked
[INFO ] 2025-07-11 13:29:21,149HH:mm:ss.SSS} [main] MyStoreV1 - URL opened
[INFO ] 2025-07-11 13:29:22,149HH:mm:ss.SSS} [main] MyStoreV1 - Sign in Button Clicked
[INFO ] 2025-07-11 13:29:22,789HH:mm:ss.SSS} [main] MyStoreV1 - Sign in Button Clicked
[INFO ] 2025-07-11 13:29:22,955HH:mm:ss.SSS} [main] MyStoreV1 - Create Account Button Clicked
[INFO ] 2025-07-11 13:29:24,098HH:mm:ss.SSS} [main] MyStoreV1 - Different Email found
[INFO ] 2025-07-11 13:29:25,131HH:mm:ss.SSS} [main] MyStoreV1 - Register Account button is displayed
[INFO ] 2025-07-11 15:39:08,615HH:mm:ss.SSS} [main] MyStoreV1 - URL opened
[INFO ] 2025-07-11 15:39:09,630HH:mm:ss.SSS} [main] MyStoreV1 - Sign in Button Clicked
[INFO ] 2025-07-11 15:39:45,311HH:mm:ss.SSS} [main] MyStoreV1 - URL opened
[INFO ] 2025-07-11 15:39:46,258HH:mm:ss.SSS} [main] MyStoreV1 - Sign in Button Clicked
[INFO ] 2025-07-11 15:40:14,297HH:mm:ss.SSS} [main] MyStoreV1 - URL opened
[INFO ] 2025-07-11 15:40:15,373HH:mm:ss.SSS} [main] MyStoreV1 - Sign in Button Clicked
[INFO ] 2025-07-11 15:43:57,742HH:mm:ss.SSS} [main] MyStoreV1 - URL opened
[INFO ] 2025-07-11 15:43:58,842HH:mm:ss.SSS} [main] MyStoreV1 - Sign in Button Clicked
[INFO ] 2025-07-11 15:44:18,996HH:mm:ss.SSS} [main] MyStoreV1 - URL opened
[INFO ] 2025-07-11 15:44:20,276HH:mm:ss.SSS} [main] MyStoreV1 - Sign in Button Clicked
[INFO ] 2025-07-11 16:08:01,824HH:mm:ss.SSS} [main] MyStoreV1 - URL opened
[INFO ] 2025-07-11 16:08:02,765HH:mm:ss.SSS} [main] MyStoreV1 - Sign in Button Clicked
[INFO ] 2025-07-11 16:08:03,430HH:mm:ss.SSS} [main] MyStoreV1 - Sign in Button Clicked
[INFO ] 2025-07-11 16:08:03,607HH:mm:ss.SSS} [main] MyStoreV1 - Create Account Button Clicked
[INFO ] 2025-07-11 16:15:10,783HH:mm:ss.SSS} [main] MyStoreV1 - URL opened
[INFO ] 2025-07-11 16:15:11,807HH:mm:ss.SSS} [main] MyStoreV1 - Sign in Button Clicked
[INFO ] 2025-07-11 16:15:12,626HH:mm:ss.SSS} [main] MyStoreV1 - Sign in Button Clicked
[INFO ] 2025-07-11 16:15:12,775HH:mm:ss.SSS} [main] MyStoreV1 - Create Account Button Clicked
[INFO ] 2025-07-11 16:15:42,702HH:mm:ss.SSS} [main] MyStoreV1 - URL opened
[INFO ] 2025-07-11 16:15:43,727HH:mm:ss.SSS} [main] MyStoreV1 - Sign in Button Clicked
[INFO ] 2025-07-11 16:17:52,887HH:mm:ss.SSS} [main] MyStoreV1 - URL opened
[INFO ] 2025-07-11 16:17:54,030HH:mm:ss.SSS} [main] MyStoreV1 - Sign in Button Clicked
[INFO ] 2025-07-11 16:19:26,494HH:mm:ss.SSS} [main] MyStoreV1 - URL opened
[INFO ] 2025-07-11 16:19:27,555HH:mm:ss.SSS} [main] MyStoreV1 - Sign in Button Clicked
[INFO ] 2025-07-11 16:25:09,908HH:mm:ss.SSS} [main] MyStoreV1 - URL opened
[INFO ] 2025-07-11 16:25:10,928HH:mm:ss.SSS} [main] MyStoreV1 - Sign in Button Clicked
[INFO ] 2025-07-11 16:26:08,740HH:mm:ss.SSS} [main] MyStoreV1 - URL opened
[INFO ] 2025-07-11 16:26:09,755HH:mm:ss.SSS} [main] MyStoreV1 - Sign in Button Clicked
[INFO ] 2025-07-11 16:28:35,043HH:mm:ss.SSS} [main] MyStoreV1 - URL opened
[INFO ] 2025-07-11 16:28:36,087HH:mm:ss.SSS} [main] MyStoreV1 - Sign in Button Clicked
[INFO ] 2025-07-11 16:31:12,860HH:mm:ss.SSS} [main] MyStoreV1 - URL opened
[INFO ] 2025-07-11 16:31:14,034HH:mm:ss.SSS} [main] MyStoreV1 - Sign in Button Clicked
[INFO ] 2025-07-11 18:16:15,974HH:mm:ss.SSS} [main] MyStoreV1 - URL opened
[INFO ] 2025-07-11 18:16:17,429HH:mm:ss.SSS} [main] MyStoreV1 - Sign in Button Clicked
[INFO ] 2025-07-11 18:21:31,236HH:mm:ss.SSS} [main] MyStoreV1 - URL opened
[INFO ] 2025-07-11 18:21:32,374HH:mm:ss.SSS} [main] MyStoreV1 - Sign in Button Clicked
[INFO ] 2025-07-11 18:47:47,572HH:mm:ss.SSS} [main] MyStoreV1 - URL opened
[INFO ] 2025-07-11 18:47:48,697HH:mm:ss.SSS} [main] MyStoreV1 - Sign in Button Clicked
[INFO ] 2025-07-11 18:47:49,495HH:mm:ss.SSS} [main] MyStoreV1 - Sign in Button Clicked
[INFO ] 2025-07-11 18:47:49,704HH:mm:ss.SSS} [main] MyStoreV1 - Create Account Button Clicked
[INFO ] 2025-07-11 18:47:54,924HH:mm:ss.SSS} [main] MyStoreV1 - URL opened
[INFO ] 2025-07-11 18:47:56,045HH:mm:ss.SSS} [main] MyStoreV1 - Sign in Button Clicked
[INFO ] 2025-07-11 18:47:56,782HH:mm:ss.SSS} [main] MyStoreV1 - Sign in Button Clicked
[INFO ] 2025-07-11 18:47:56,946HH:mm:ss.SSS} [main] MyStoreV1 - Create Account Button Clicked
[INFO ] 2025-07-11 18:47:58,153HH:mm:ss.SSS} [main] MyStoreV1 - Different Email found
[INFO ] 2025-07-11 18:47:59,214HH:mm:ss.SSS} [main] MyStoreV1 - Register Account button is displayed
[INFO ] 2025-07-11 18:48:03,636HH:mm:ss.SSS} [main] MyStoreV1 - URL opened
[INFO ] 2025-07-11 18:48:04,619HH:mm:ss.SSS} [main] MyStoreV1 - Sign in Button Clicked
[INFO ] 2025-07-11 18:48:06,196HH:mm:ss.SSS} [main] MyStoreV1 - Sign in Button Clicked
[INFO ] 2025-07-11 18:48:06,360HH:mm:ss.SSS} [main] MyStoreV1 - Create Account Button Clicked
[INFO ] 2025-07-11 18:48:07,162HH:mm:ss.SSS} [main] MyStoreV1 - Sign in Button Clicked
[INFO ] 2025-07-11 18:48:07,287HH:mm:ss.SSS} [main] MyStoreV1 - Create Account Button Clicked
[INFO ] 2025-07-11 18:48:35,300HH:mm:ss.SSS} [main] MyStoreV1 - URL opened
[INFO ] 2025-07-11 18:48:36,304HH:mm:ss.SSS} [main] MyStoreV1 - Sign in Button Clicked
[INFO ] 2025-07-11 18:48:37,764HH:mm:ss.SSS} [main] MyStoreV1 - Sign in Button Clicked
[INFO ] 2025-07-11 18:48:37,944HH:mm:ss.SSS} [main] MyStoreV1 - Create Account Button Clicked
[INFO ] 2025-07-11 18:48:38,660HH:mm:ss.SSS} [main] MyStoreV1 - Sign in Button Clicked
[INFO ] 2025-07-11 18:48:38,786HH:mm:ss.SSS} [main] MyStoreV1 - Create Account Button Clicked
[INFO ] 2025-07-11 19:10:22,266HH:mm:ss.SSS} [main] MyStoreV1 - URL opened
[INFO ] 2025-07-11 19:10:23,402HH:mm:ss.SSS} [main] MyStoreV1 - Sign in Button Clicked
[INFO ] 2025-07-11 19:10:25,174HH:mm:ss.SSS} [main] MyStoreV1 - Sign in Button Clicked
[INFO ] 2025-07-11 19:10:25,352HH:mm:ss.SSS} [main] MyStoreV1 - Create Account Button Clicked
[INFO ] 2025-07-11 19:10:26,675HH:mm:ss.SSS} [main] MyStoreV1 - Different Email found
[INFO ] 2025-07-11 19:10:27,694HH:mm:ss.SSS} [main] MyStoreV1 - Register Account button is displayed
[INFO ] 2025-07-11 19:11:07,868HH:mm:ss.SSS} [main] MyStoreV1 - URL opened
[INFO ] 2025-07-11 19:11:08,960HH:mm:ss.SSS} [main] MyStoreV1 - Sign in Button Clicked
[INFO ] 2025-07-11 19:11:10,838HH:mm:ss.SSS} [main] MyStoreV1 - Sign in Button Clicked
[INFO ] 2025-07-11 19:11:11,005HH:mm:ss.SSS} [main] MyStoreV1 - Create Account Button Clicked
[INFO ] 2025-07-11 19:11:12,274HH:mm:ss.SSS} [main] MyStoreV1 - Different Email found
[INFO ] 2025-07-11 19:11:13,438HH:mm:ss.SSS} [main] MyStoreV1 - Register Account button is displayed
[INFO ] 2025-07-11 19:12:11,531HH:mm:ss.SSS} [main] MyStoreV1 - URL opened
[INFO ] 2025-07-11 19:12:12,631HH:mm:ss.SSS} [main] MyStoreV1 - Sign in Button Clicked
[INFO ] 2025-07-11 19:12:13,466HH:mm:ss.SSS} [main] MyStoreV1 - Sign in Button Clicked
[INFO ] 2025-07-11 19:12:13,637HH:mm:ss.SSS} [main] MyStoreV1 - Create Account Button Clicked
[INFO ] 2025-07-11 19:12:18,384HH:mm:ss.SSS} [main] MyStoreV1 - URL opened
[INFO ] 2025-07-11 19:12:19,463HH:mm:ss.SSS} [main] MyStoreV1 - Sign in Button Clicked
[INFO ] 2025-07-11 19:12:20,210HH:mm:ss.SSS} [main] MyStoreV1 - Sign in Button Clicked
[INFO ] 2025-07-11 19:12:20,386HH:mm:ss.SSS} [main] MyStoreV1 - Create Account Button Clicked
[INFO ] 2025-07-11 19:12:21,633HH:mm:ss.SSS} [main] MyStoreV1 - Different Email found
[INFO ] 2025-07-11 19:12:22,955HH:mm:ss.SSS} [main] MyStoreV1 - Register Account button is displayed
[INFO ] 2025-07-11 19:12:27,706HH:mm:ss.SSS} [main] MyStoreV1 - URL opened
[INFO ] 2025-07-11 19:12:28,727HH:mm:ss.SSS} [main] MyStoreV1 - Sign in Button Clicked
[INFO ] 2025-07-11 19:12:30,938HH:mm:ss.SSS} [main] MyStoreV1 - Sign in Button Clicked
[INFO ] 2025-07-11 19:12:31,149HH:mm:ss.SSS} [main] MyStoreV1 - Create Account Button Clicked
[INFO ] 2025-07-11 19:12:31,986HH:mm:ss.SSS} [main] MyStoreV1 - Sign in Button Clicked
[INFO ] 2025-07-11 19:12:32,144HH:mm:ss.SSS} [main] MyStoreV1 - Create Account Button Clicked
[INFO ] 2025-07-11 19:12:36,842HH:mm:ss.SSS} [main] MyStoreV1 - URL opened
[INFO ] 2025-07-11 19:12:37,840HH:mm:ss.SSS} [main] MyStoreV1 - Sign in Button Clicked
[INFO ] 2025-07-11 19:12:38,906HH:mm:ss.SSS} [main] MyStoreV1 - Sign in Button Clicked
[INFO ] 2025-07-11 19:12:39,103HH:mm:ss.SSS} [main] MyStoreV1 - Create Account Button Clicked
[INFO ] 2025-07-11 19:12:40,448HH:mm:ss.SSS} [main] MyStoreV1 - Different Email found
[INFO ] 2025-07-11 19:12:41,663HH:mm:ss.SSS} [main] MyStoreV1 - Register Account button is displayed
[INFO ] 2025-07-11 19:32:21,704HH:mm:ss.SSS} [main] MyStoreV1 - URL opened
[INFO ] 2025-07-11 19:32:22,769HH:mm:ss.SSS} [main] MyStoreV1 - Sign in Button Clicked
[INFO ] 2025-07-11 19:32:24,715HH:mm:ss.SSS} [main] MyStoreV1 - Sign in Button Clicked
[INFO ] 2025-07-11 19:32:24,912HH:mm:ss.SSS} [main] MyStoreV1 - Create Account Button Clicked
[INFO ] 2025-07-11 19:32:25,781HH:mm:ss.SSS} [main] MyStoreV1 - Sign in Button Clicked
[INFO ] 2025-07-11 19:32:25,952HH:mm:ss.SSS} [main] MyStoreV1 - Create Account Button Clicked
[INFO ] 2025-07-11 19:33:02,131HH:mm:ss.SSS} [main] MyStoreV1 - URL opened
[INFO ] 2025-07-11 19:33:03,117HH:mm:ss.SSS} [main] MyStoreV1 - Sign in Button Clicked
[INFO ] 2025-07-11 19:34:01,890HH:mm:ss.SSS} [main] MyStoreV1 - Sign in Button Clicked
[INFO ] 2025-07-11 19:34:19,748HH:mm:ss.SSS} [main] MyStoreV1 - Create Account Button Clicked
[INFO ] 2025-07-11 19:34:43,527HH:mm:ss.SSS} [main] MyStoreV1 - Sign in Button Clicked
[INFO ] 2025-07-11 19:34:57,622HH:mm:ss.SSS} [main] MyStoreV1 - Create Account Button Clicked
[INFO ] 2025-07-11 20:47:34,051HH:mm:ss.SSS} [main] MyStoreV1 - URL opened
[INFO ] 2025-07-11 20:47:35,255HH:mm:ss.SSS} [main] MyStoreV1 - Sign in Button Clicked
[INFO ] 2025-07-11 20:47:36,013HH:mm:ss.SSS} [main] MyStoreV1 - Sign in Button Clicked
[INFO ] 2025-07-11 20:47:36,221HH:mm:ss.SSS} [main] MyStoreV1 - Create Account Button Clicked
[INFO ] 2025-07-11 20:47:40,869HH:mm:ss.SSS} [main] MyStoreV1 - URL opened
[INFO ] 2025-07-11 20:47:41,855HH:mm:ss.SSS} [main] MyStoreV1 - Sign in Button Clicked
[INFO ] 2025-07-11 20:47:42,607HH:mm:ss.SSS} [main] MyStoreV1 - Sign in Button Clicked
[INFO ] 2025-07-11 20:47:42,814HH:mm:ss.SSS} [main] MyStoreV1 - Create Account Button Clicked
[INFO ] 2025-07-11 20:47:44,121HH:mm:ss.SSS} [main] MyStoreV1 - Different Email found
[INFO ] 2025-07-11 20:47:45,567HH:mm:ss.SSS} [main] MyStoreV1 - Register Account button is displayed
[INFO ] 2025-07-11 20:47:50,343HH:mm:ss.SSS} [main] MyStoreV1 - URL opened
[INFO ] 2025-07-11 20:47:51,312HH:mm:ss.SSS} [main] MyStoreV1 - Sign in Button Clicked
[INFO ] 2025-07-11 20:47:53,173HH:mm:ss.SSS} [main] MyStoreV1 - Sign in Button Clicked
[INFO ] 2025-07-11 20:47:53,356HH:mm:ss.SSS} [main] MyStoreV1 - Create Account Button Clicked
[INFO ] 2025-07-11 20:47:54,127HH:mm:ss.SSS} [main] MyStoreV1 - Sign in Button Clicked
[INFO ] 2025-07-11 20:47:54,276HH:mm:ss.SSS} [main] MyStoreV1 - Create Account Button Clicked
[INFO ] 2025-07-11 20:47:58,734HH:mm:ss.SSS} [main] MyStoreV1 - URL opened
[INFO ] 2025-07-11 20:47:59,728HH:mm:ss.SSS} [main] MyStoreV1 - Sign in Button Clicked
[INFO ] 2025-07-11 20:48:00,869HH:mm:ss.SSS} [main] MyStoreV1 - Sign in Button Clicked
[INFO ] 2025-07-11 20:48:01,031HH:mm:ss.SSS} [main] MyStoreV1 - Create Account Button Clicked
[INFO ] 2025-07-11 20:48:02,249HH:mm:ss.SSS} [main] MyStoreV1 - Different Email found
[INFO ] 2025-07-11 20:48:03,287HH:mm:ss.SSS} [main] MyStoreV1 - Register Account button is displayed
